<?xml version="1.0" encoding="UTF-8"?>
<!-- Generated by org.testng.reporters.JUnitXMLReporter -->
<testsuite hostname="ASDP1744PO02529" ignored="0" name="Default test" tests="11" failures="0" timestamp="27 Jul 2017 11:41:49 GMT" time="121.214" errors="0">
  <testcase name="Advance_cource_move_further" time="6.708" classname="Advanced_Course.Advance"/>
  <testcase name="Basic_test" time="1.093" classname="Basic.Basic_automation"/>
  <testcase name="tatoc_database_connection_for_Name_and_PassKey" time="1.015" classname="Advanced_Course.Advance"/>
  <testcase name="Grid_gate_click_redbox_test" time="0.229" classname="Basic.Basic_automation"/>
  <testcase name="rest_service_to_generate_token" time="2.009" classname="Advanced_Course.Advance"/>
  <testcase name="Grid_gate_click_greenbox_test" time="0.379" classname="Basic.Basic_automation"/>
  <testcase name="File_handle_dat_file_download" time="0.184" classname="Advanced_Course.Advance"/>
  <testcase name="Grid_gate_click_greenbox_frame_dungeon" time="102.634" classname="Basic.Basic_automation"/>
  <testcase name="File_handle_signature_submitted" time="0.624" classname="Advanced_Course.Advance"/>
  <testcase name="tatoc_basic_drag" time="0.28" classname="Basic.Basic_automation"/>
  <testcase name="tatoc_basic_windows" time="4.096" classname="Basic.Basic_automation"/>
</testsuite> <!-- Default test -->
